2025-08-09 00:34:12,814 - main - INFO - FastAPI backend started successfully
2025-08-09 00:34:12,825 - kafka.conn - INFO - <BrokerConnection client_id=kafka-python-2.2.15, node_id=bootstrap-0 host=localhost:9092 <connecting> [IPv6 ('::1', 9092, 0, 0)]>: connecting to localhost:9092 [('::1', 9092, 0, 0) IPv6]
2025-08-09 00:34:12,875 - watchfiles.main - INFO - 5 changes detected
2025-08-09 00:34:14,829 - main - ERROR - Kafka connection error (attempt 1): NoBrokersAvailable
2025-08-09 00:34:16,835 - kafka.conn - INFO - <BrokerConnection client_id=kafka-python-2.2.15, node_id=bootstrap-0 host=localhost:9092 <connecting> [IPv6 ('::1', 9092, 0, 0)]>: connecting to localhost:9092 [('::1', 9092, 0, 0) IPv6]
2025-08-09 00:34:18,847 - main - ERROR - Kafka connection error (attempt 2): NoBrokersAvailable
2025-08-09 00:34:22,850 - kafka.conn - INFO - <BrokerConnection client_id=kafka-python-2.2.15, node_id=bootstrap-0 host=localhost:9092 <connecting> [IPv6 ('::1', 9092, 0, 0)]>: connecting to localhost:9092 [('::1', 9092, 0, 0) IPv6]
2025-08-09 00:34:24,864 - main - ERROR - Kafka connection error (attempt 3): NoBrokersAvailable
2025-08-09 00:34:32,868 - kafka.conn - INFO - <BrokerConnection client_id=kafka-python-2.2.15, node_id=bootstrap-0 host=localhost:9092 <connecting> [IPv6 ('::1', 9092, 0, 0)]>: connecting to localhost:9092 [('::1', 9092, 0, 0) IPv6]
2025-08-09 00:34:34,880 - main - ERROR - Kafka connection error (attempt 4): NoBrokersAvailable
2025-08-09 00:34:49,205 - watchfiles.main - INFO - 1 change detected
2025-08-09 00:34:49,774 - watchfiles.main - INFO - 1 change detected
2025-08-09 00:34:50,133 - watchfiles.main - INFO - 1 change detected
2025-08-09 00:34:50,496 - watchfiles.main - INFO - 1 change detected
2025-08-09 00:34:50,853 - watchfiles.main - INFO - 1 change detected
2025-08-09 00:34:50,884 - kafka.conn - INFO - <BrokerConnection client_id=kafka-python-2.2.15, node_id=bootstrap-0 host=localhost:9092 <connecting> [IPv6 ('::1', 9092, 0, 0)]>: connecting to localhost:9092 [('::1', 9092, 0, 0) IPv6]
2025-08-09 00:34:51,212 - watchfiles.main - INFO - 1 change detected
2025-08-09 00:34:51,571 - watchfiles.main - INFO - 1 change detected
2025-08-09 00:34:51,931 - watchfiles.main - INFO - 1 change detected
2025-08-09 00:34:52,288 - watchfiles.main - INFO - 1 change detected
2025-08-09 00:34:52,642 - watchfiles.main - INFO - 1 change detected
2025-08-09 00:34:52,886 - main - ERROR - Kafka connection error (attempt 5): NoBrokersAvailable
2025-08-09 00:34:52,886 - main - ERROR - Max Kafka reconnection attempts reached
2025-08-09 00:34:52,886 - main - INFO - Kafka consumer worker stopped
2025-08-09 00:34:53,002 - watchfiles.main - INFO - 1 change detected
2025-08-09 00:34:53,361 - watchfiles.main - INFO - 1 change detected
2025-08-09 00:34:53,720 - watchfiles.main - INFO - 1 change detected
2025-08-09 00:34:54,083 - watchfiles.main - INFO - 1 change detected
2025-08-09 00:34:54,442 - watchfiles.main - INFO - 1 change detected
2025-08-09 00:34:54,801 - watchfiles.main - INFO - 1 change detected
2025-08-09 00:34:55,158 - watchfiles.main - INFO - 1 change detected
2025-08-09 00:34:55,518 - watchfiles.main - INFO - 1 change detected
2025-08-09 00:34:55,876 - watchfiles.main - INFO - 1 change detected
2025-08-09 00:34:56,234 - watchfiles.main - INFO - 1 change detected
2025-08-09 00:34:56,590 - watchfiles.main - INFO - 1 change detected
2025-08-09 00:34:56,951 - watchfiles.main - INFO - 1 change detected
2025-08-09 00:34:57,309 - watchfiles.main - INFO - 1 change detected
2025-08-09 00:34:57,665 - watchfiles.main - INFO - 1 change detected
2025-08-09 00:34:58,023 - watchfiles.main - INFO - 1 change detected
2025-08-09 00:34:58,385 - watchfiles.main - INFO - 1 change detected
2025-08-09 00:34:58,748 - watchfiles.main - INFO - 1 change detected
2025-08-09 00:34:59,108 - watchfiles.main - INFO - 1 change detected
2025-08-09 00:34:59,469 - watchfiles.main - INFO - 1 change detected
2025-08-09 00:34:59,829 - watchfiles.main - INFO - 1 change detected
2025-08-09 00:35:00,189 - watchfiles.main - INFO - 1 change detected
2025-08-09 00:35:00,545 - watchfiles.main - INFO - 1 change detected
2025-08-09 00:35:00,904 - watchfiles.main - INFO - 1 change detected
2025-08-09 00:35:01,261 - watchfiles.main - INFO - 1 change detected
2025-08-09 00:35:01,619 - watchfiles.main - INFO - 1 change detected
2025-08-09 00:35:01,976 - watchfiles.main - INFO - 1 change detected
2025-08-09 00:35:02,333 - watchfiles.main - INFO - 1 change detected
2025-08-09 00:35:02,689 - watchfiles.main - INFO - 1 change detected
2025-08-09 00:35:03,050 - watchfiles.main - INFO - 1 change detected
2025-08-09 00:35:03,408 - watchfiles.main - INFO - 1 change detected
2025-08-09 00:35:03,766 - watchfiles.main - INFO - 1 change detected
2025-08-09 00:35:04,126 - watchfiles.main - INFO - 1 change detected
2025-08-09 00:35:04,481 - watchfiles.main - INFO - 1 change detected
2025-08-09 00:35:04,834 - watchfiles.main - INFO - 1 change detected
2025-08-09 00:35:05,192 - watchfiles.main - INFO - 1 change detected
2025-08-09 00:35:05,553 - watchfiles.main - INFO - 1 change detected
2025-08-09 00:35:05,911 - watchfiles.main - INFO - 1 change detected
2025-08-09 00:35:06,267 - watchfiles.main - INFO - 1 change detected
2025-08-09 00:35:06,625 - watchfiles.main - INFO - 1 change detected
2025-08-09 00:35:06,981 - watchfiles.main - INFO - 1 change detected
2025-08-09 00:35:07,337 - watchfiles.main - INFO - 1 change detected
2025-08-09 00:35:07,697 - watchfiles.main - INFO - 1 change detected
2025-08-09 00:35:08,058 - watchfiles.main - INFO - 1 change detected
2025-08-09 00:35:08,413 - watchfiles.main - INFO - 1 change detected
2025-08-09 00:35:08,775 - watchfiles.main - INFO - 1 change detected
2025-08-09 00:35:09,133 - watchfiles.main - INFO - 1 change detected
2025-08-09 00:35:09,492 - watchfiles.main - INFO - 1 change detected
2025-08-09 00:35:09,850 - watchfiles.main - INFO - 1 change detected
2025-08-09 00:35:10,209 - watchfiles.main - INFO - 1 change detected
2025-08-09 00:35:10,567 - watchfiles.main - INFO - 1 change detected
2025-08-09 00:35:10,922 - watchfiles.main - INFO - 1 change detected
2025-08-09 00:35:11,278 - watchfiles.main - INFO - 1 change detected
2025-08-09 00:35:11,634 - watchfiles.main - INFO - 1 change detected
2025-08-09 00:35:11,995 - watchfiles.main - INFO - 1 change detected
2025-08-09 00:35:12,351 - watchfiles.main - INFO - 1 change detected
2025-08-09 00:35:12,709 - watchfiles.main - INFO - 1 change detected
2025-08-09 00:35:13,066 - watchfiles.main - INFO - 1 change detected
2025-08-09 00:35:13,424 - watchfiles.main - INFO - 1 change detected
2025-08-09 00:35:13,784 - watchfiles.main - INFO - 1 change detected
2025-08-09 00:35:14,145 - watchfiles.main - INFO - 1 change detected
2025-08-09 00:35:14,504 - watchfiles.main - INFO - 1 change detected
2025-08-09 00:35:14,863 - watchfiles.main - INFO - 1 change detected
2025-08-09 00:35:15,223 - watchfiles.main - INFO - 1 change detected
2025-08-09 00:35:15,581 - watchfiles.main - INFO - 1 change detected
2025-08-09 00:35:15,935 - watchfiles.main - INFO - 1 change detected
2025-08-09 00:35:16,297 - watchfiles.main - INFO - 1 change detected
2025-08-09 00:35:16,658 - watchfiles.main - INFO - 1 change detected
2025-08-09 00:35:17,014 - watchfiles.main - INFO - 1 change detected
2025-08-09 00:35:17,372 - watchfiles.main - INFO - 1 change detected
2025-08-09 00:35:17,731 - watchfiles.main - INFO - 1 change detected
2025-08-09 00:35:18,092 - watchfiles.main - INFO - 1 change detected
2025-08-09 00:35:18,449 - watchfiles.main - INFO - 1 change detected
2025-08-09 00:35:18,805 - watchfiles.main - INFO - 1 change detected
2025-08-09 00:35:19,164 - watchfiles.main - INFO - 1 change detected
2025-08-09 00:35:19,522 - watchfiles.main - INFO - 1 change detected
2025-08-09 00:35:19,879 - watchfiles.main - INFO - 1 change detected
2025-08-09 00:35:20,238 - watchfiles.main - INFO - 1 change detected
2025-08-09 00:35:20,600 - watchfiles.main - INFO - 1 change detected
2025-08-09 00:35:20,960 - watchfiles.main - INFO - 1 change detected
2025-08-09 00:35:21,317 - watchfiles.main - INFO - 1 change detected
2025-08-09 00:35:21,676 - watchfiles.main - INFO - 1 change detected
2025-08-09 00:35:22,038 - watchfiles.main - INFO - 1 change detected
2025-08-09 00:35:22,403 - watchfiles.main - INFO - 1 change detected
2025-08-09 00:35:22,763 - watchfiles.main - INFO - 1 change detected
2025-08-09 00:35:23,122 - watchfiles.main - INFO - 1 change detected
2025-08-09 00:35:23,481 - watchfiles.main - INFO - 1 change detected
2025-08-09 00:35:23,837 - watchfiles.main - INFO - 1 change detected
2025-08-09 00:35:24,194 - watchfiles.main - INFO - 1 change detected
2025-08-09 00:35:24,553 - watchfiles.main - INFO - 1 change detected
2025-08-09 00:35:24,912 - watchfiles.main - INFO - 1 change detected
2025-08-09 00:35:25,269 - watchfiles.main - INFO - 1 change detected
2025-08-09 00:35:25,629 - watchfiles.main - INFO - 1 change detected
2025-08-09 00:35:25,985 - watchfiles.main - INFO - 1 change detected
2025-08-09 00:35:26,344 - watchfiles.main - INFO - 1 change detected
2025-08-09 00:35:26,698 - watchfiles.main - INFO - 1 change detected
2025-08-09 00:35:27,057 - watchfiles.main - INFO - 1 change detected
2025-08-09 00:35:27,416 - watchfiles.main - INFO - 1 change detected
2025-08-09 00:35:27,773 - watchfiles.main - INFO - 1 change detected
2025-08-09 00:35:28,130 - watchfiles.main - INFO - 1 change detected
2025-08-09 00:35:28,489 - watchfiles.main - INFO - 1 change detected
2025-08-09 00:35:28,847 - watchfiles.main - INFO - 1 change detected
2025-08-09 00:35:29,207 - watchfiles.main - INFO - 1 change detected
2025-08-09 00:35:29,568 - watchfiles.main - INFO - 1 change detected
2025-08-09 00:35:29,927 - watchfiles.main - INFO - 1 change detected
2025-08-09 00:35:30,286 - watchfiles.main - INFO - 1 change detected
2025-08-09 00:35:30,646 - watchfiles.main - INFO - 1 change detected
2025-08-09 00:35:31,002 - watchfiles.main - INFO - 1 change detected
2025-08-09 00:35:31,358 - watchfiles.main - INFO - 1 change detected
2025-08-09 00:35:31,715 - watchfiles.main - INFO - 1 change detected
2025-08-09 00:35:32,073 - watchfiles.main - INFO - 1 change detected
2025-08-09 00:35:32,430 - watchfiles.main - INFO - 1 change detected
2025-08-09 00:35:32,791 - watchfiles.main - INFO - 1 change detected
2025-08-09 00:35:33,146 - watchfiles.main - INFO - 1 change detected
2025-08-09 00:35:33,505 - watchfiles.main - INFO - 1 change detected
2025-08-09 00:35:33,860 - watchfiles.main - INFO - 1 change detected
2025-08-09 00:35:34,221 - watchfiles.main - INFO - 1 change detected
2025-08-09 00:35:34,581 - watchfiles.main - INFO - 1 change detected
2025-08-09 00:35:34,941 - watchfiles.main - INFO - 1 change detected
2025-08-09 00:35:35,300 - watchfiles.main - INFO - 1 change detected
2025-08-09 00:35:35,658 - watchfiles.main - INFO - 1 change detected
2025-08-09 00:35:36,014 - watchfiles.main - INFO - 1 change detected
2025-08-09 00:35:36,391 - watchfiles.main - INFO - 1 change detected
2025-08-09 00:35:36,757 - watchfiles.main - INFO - 1 change detected
2025-08-09 00:35:37,114 - watchfiles.main - INFO - 1 change detected
2025-08-09 00:35:37,469 - watchfiles.main - INFO - 1 change detected
2025-08-09 00:35:37,826 - watchfiles.main - INFO - 1 change detected
2025-08-09 00:35:38,183 - watchfiles.main - INFO - 1 change detected
2025-08-09 00:35:38,544 - watchfiles.main - INFO - 1 change detected
2025-08-09 00:35:38,909 - watchfiles.main - INFO - 1 change detected
2025-08-09 00:35:39,267 - watchfiles.main - INFO - 1 change detected
2025-08-09 00:35:39,628 - watchfiles.main - INFO - 1 change detected
2025-08-09 00:35:39,987 - watchfiles.main - INFO - 1 change detected
2025-08-09 00:35:40,346 - watchfiles.main - INFO - 1 change detected
2025-08-09 00:35:40,703 - watchfiles.main - INFO - 1 change detected
2025-08-09 00:35:41,059 - watchfiles.main - INFO - 1 change detected
2025-08-09 00:35:41,416 - watchfiles.main - INFO - 1 change detected
2025-08-09 00:35:41,773 - watchfiles.main - INFO - 1 change detected
2025-08-09 00:35:42,132 - watchfiles.main - INFO - 1 change detected
2025-08-09 00:35:42,489 - watchfiles.main - INFO - 1 change detected
2025-08-09 00:35:42,848 - watchfiles.main - INFO - 1 change detected
2025-08-09 00:35:43,207 - watchfiles.main - INFO - 1 change detected
2025-08-09 00:35:43,566 - watchfiles.main - INFO - 1 change detected
2025-08-09 00:35:43,922 - watchfiles.main - INFO - 1 change detected
2025-08-09 00:35:44,281 - watchfiles.main - INFO - 1 change detected
2025-08-09 00:35:44,640 - watchfiles.main - INFO - 1 change detected
2025-08-09 00:35:44,997 - watchfiles.main - INFO - 1 change detected
2025-08-09 00:35:45,353 - watchfiles.main - INFO - 1 change detected
2025-08-09 00:35:45,710 - watchfiles.main - INFO - 1 change detected
2025-08-09 00:35:46,068 - watchfiles.main - INFO - 1 change detected
2025-08-09 00:35:46,478 - watchfiles.main - INFO - 2 changes detected
2025-08-09 00:35:46,514 - main - INFO - Received signal 2, shutting down...
2025-08-09 00:35:47,073 - watchfiles.main - INFO - 1 change detected
2025-08-09 00:35:47,428 - watchfiles.main - INFO - 1 change detected
2025-08-09 00:35:47,785 - watchfiles.main - INFO - 1 change detected
2025-08-09 00:35:48,144 - watchfiles.main - INFO - 5 changes detected
2025-08-09 00:35:48,501 - watchfiles.main - INFO - 1 change detected
2025-08-09 00:35:48,859 - watchfiles.main - INFO - 2 changes detected
2025-08-09 00:35:49,220 - watchfiles.main - INFO - 1 change detected
2025-08-09 00:35:49,576 - watchfiles.main - INFO - 1 change detected
2025-08-09 00:35:49,934 - watchfiles.main - INFO - 1 change detected
2025-08-09 00:35:50,289 - watchfiles.main - INFO - 1 change detected
2025-08-09 00:35:50,646 - watchfiles.main - INFO - 1 change detected
2025-08-09 00:35:51,005 - watchfiles.main - INFO - 1 change detected
2025-08-09 00:35:51,362 - watchfiles.main - INFO - 1 change detected
2025-08-09 00:35:51,717 - watchfiles.main - INFO - 1 change detected
2025-08-09 00:35:52,075 - watchfiles.main - INFO - 1 change detected
2025-08-09 00:35:52,429 - watchfiles.main - INFO - 1 change detected
2025-08-09 00:35:52,787 - watchfiles.main - INFO - 1 change detected
2025-08-09 00:35:53,144 - watchfiles.main - INFO - 1 change detected
2025-08-09 00:35:53,504 - watchfiles.main - INFO - 1 change detected
2025-08-09 00:35:53,862 - watchfiles.main - INFO - 1 change detected
2025-08-09 00:35:54,221 - watchfiles.main - INFO - 1 change detected
2025-08-09 00:35:54,581 - watchfiles.main - INFO - 1 change detected
2025-08-09 00:35:54,941 - watchfiles.main - INFO - 1 change detected
2025-08-09 00:35:55,307 - watchfiles.main - INFO - 1 change detected
2025-08-09 00:35:55,673 - watchfiles.main - INFO - 1 change detected
2025-08-09 00:35:56,030 - watchfiles.main - INFO - 1 change detected
2025-08-09 00:35:56,388 - watchfiles.main - INFO - 1 change detected
2025-08-09 00:35:56,744 - watchfiles.main - INFO - 1 change detected
2025-08-09 00:35:57,112 - watchfiles.main - INFO - 1 change detected
2025-08-09 00:35:57,476 - watchfiles.main - INFO - 1 change detected
2025-08-09 00:35:57,832 - watchfiles.main - INFO - 1 change detected
2025-08-09 00:35:58,192 - watchfiles.main - INFO - 1 change detected
2025-08-09 00:35:58,549 - watchfiles.main - INFO - 1 change detected
2025-08-09 00:35:58,909 - watchfiles.main - INFO - 1 change detected
2025-08-09 00:35:59,267 - watchfiles.main - INFO - 1 change detected
2025-08-09 00:35:59,624 - watchfiles.main - INFO - 1 change detected
2025-08-09 00:35:59,981 - watchfiles.main - INFO - 1 change detected
2025-08-09 00:36:00,338 - watchfiles.main - INFO - 2 changes detected
2025-08-09 00:36:00,700 - watchfiles.main - INFO - 1 change detected
2025-08-09 00:36:01,057 - watchfiles.main - INFO - 1 change detected
2025-08-09 00:36:01,415 - watchfiles.main - INFO - 1 change detected
2025-08-09 00:36:01,773 - watchfiles.main - INFO - 1 change detected
2025-08-09 00:36:02,104 - main - INFO - FastAPI backend started successfully
2025-08-09 00:36:02,111 - kafka.conn - INFO - <BrokerConnection client_id=kafka-python-2.2.15, node_id=bootstrap-0 host=localhost:9092 <connecting> [IPv6 ('::1', 9092, 0, 0)]>: connecting to localhost:9092 [('::1', 9092, 0, 0) IPv6]
2025-08-09 00:36:02,180 - watchfiles.main - INFO - 6 changes detected
2025-08-09 00:36:02,534 - watchfiles.main - INFO - 1 change detected
2025-08-09 00:36:02,891 - watchfiles.main - INFO - 1 change detected
2025-08-09 00:36:03,248 - watchfiles.main - INFO - 1 change detected
2025-08-09 00:36:03,609 - watchfiles.main - INFO - 1 change detected
2025-08-09 00:36:03,967 - watchfiles.main - INFO - 1 change detected
2025-08-09 00:36:04,115 - main - ERROR - Kafka connection error (attempt 1): NoBrokersAvailable
2025-08-09 00:36:04,324 - watchfiles.main - INFO - 1 change detected
2025-08-09 00:36:04,684 - watchfiles.main - INFO - 1 change detected
2025-08-09 00:36:05,040 - watchfiles.main - INFO - 1 change detected
2025-08-09 00:36:05,400 - watchfiles.main - INFO - 1 change detected
2025-08-09 00:36:05,758 - watchfiles.main - INFO - 1 change detected
2025-08-09 00:36:06,115 - watchfiles.main - INFO - 1 change detected
2025-08-09 00:36:06,139 - kafka.conn - INFO - <BrokerConnection client_id=kafka-python-2.2.15, node_id=bootstrap-0 host=localhost:9092 <connecting> [IPv6 ('::1', 9092, 0, 0)]>: connecting to localhost:9092 [('::1', 9092, 0, 0) IPv6]
2025-08-09 00:36:06,474 - watchfiles.main - INFO - 1 change detected
2025-08-09 00:36:06,830 - watchfiles.main - INFO - 1 change detected
2025-08-09 00:36:07,188 - watchfiles.main - INFO - 1 change detected
2025-08-09 00:36:07,547 - watchfiles.main - INFO - 1 change detected
2025-08-09 00:36:07,901 - watchfiles.main - INFO - 1 change detected
2025-08-09 00:36:08,140 - main - ERROR - Kafka connection error (attempt 2): NoBrokersAvailable
2025-08-09 00:36:08,257 - watchfiles.main - INFO - 1 change detected
2025-08-09 00:36:08,614 - watchfiles.main - INFO - 1 change detected
2025-08-09 00:36:08,972 - watchfiles.main - INFO - 1 change detected
2025-08-09 00:36:09,340 - watchfiles.main - INFO - 1 change detected
2025-08-09 00:36:09,692 - watchfiles.main - INFO - 1 change detected
2025-08-09 00:36:10,053 - watchfiles.main - INFO - 1 change detected
2025-08-09 00:36:10,410 - watchfiles.main - INFO - 1 change detected
2025-08-09 00:36:10,766 - watchfiles.main - INFO - 1 change detected
2025-08-09 00:36:11,126 - watchfiles.main - INFO - 1 change detected
2025-08-09 00:36:11,484 - watchfiles.main - INFO - 1 change detected
2025-08-09 00:36:11,839 - watchfiles.main - INFO - 1 change detected
2025-08-09 00:36:12,144 - kafka.conn - INFO - <BrokerConnection client_id=kafka-python-2.2.15, node_id=bootstrap-0 host=localhost:9092 <connecting> [IPv6 ('::1', 9092, 0, 0)]>: connecting to localhost:9092 [('::1', 9092, 0, 0) IPv6]
2025-08-09 00:36:12,192 - watchfiles.main - INFO - 1 change detected
2025-08-09 00:36:12,547 - watchfiles.main - INFO - 1 change detected
2025-08-09 00:36:12,907 - watchfiles.main - INFO - 1 change detected
2025-08-09 00:36:13,264 - watchfiles.main - INFO - 1 change detected
2025-08-09 00:36:13,620 - watchfiles.main - INFO - 1 change detected
2025-08-09 00:36:13,977 - watchfiles.main - INFO - 1 change detected
2025-08-09 00:36:14,156 - main - ERROR - Kafka connection error (attempt 3): NoBrokersAvailable
2025-08-09 00:36:14,336 - watchfiles.main - INFO - 1 change detected
2025-08-09 00:36:14,692 - watchfiles.main - INFO - 2 changes detected
2025-08-09 00:36:14,733 - main - INFO - Received signal 2, shutting down...
2025-08-09 00:36:15,396 - watchfiles.main - INFO - 1 change detected
2025-08-09 00:36:15,756 - watchfiles.main - INFO - 1 change detected
2025-08-09 00:36:16,113 - watchfiles.main - INFO - 1 change detected
2025-08-09 00:36:16,473 - watchfiles.main - INFO - 1 change detected
2025-08-09 00:36:16,636 - main - INFO - FastAPI backend started successfully
2025-08-09 00:36:16,643 - kafka.conn - INFO - <BrokerConnection client_id=kafka-python-2.2.15, node_id=bootstrap-0 host=localhost:9092 <connecting> [IPv6 ('::1', 9092, 0, 0)]>: connecting to localhost:9092 [('::1', 9092, 0, 0) IPv6]
2025-08-09 00:36:16,832 - watchfiles.main - INFO - 6 changes detected
2025-08-09 00:36:17,191 - watchfiles.main - INFO - 1 change detected
2025-08-09 00:36:17,552 - watchfiles.main - INFO - 1 change detected
2025-08-09 00:36:17,910 - watchfiles.main - INFO - 1 change detected
2025-08-09 00:36:18,272 - watchfiles.main - INFO - 1 change detected
2025-08-09 00:36:18,633 - watchfiles.main - INFO - 1 change detected
2025-08-09 00:36:18,641 - main - ERROR - Kafka connection error (attempt 1): NoBrokersAvailable
2025-08-09 00:36:18,989 - watchfiles.main - INFO - 1 change detected
2025-08-09 00:36:19,346 - watchfiles.main - INFO - 1 change detected
2025-08-09 00:36:19,707 - watchfiles.main - INFO - 1 change detected
2025-08-09 00:36:20,063 - watchfiles.main - INFO - 1 change detected
2025-08-09 00:36:20,418 - watchfiles.main - INFO - 1 change detected
2025-08-09 00:36:20,644 - kafka.conn - INFO - <BrokerConnection client_id=kafka-python-2.2.15, node_id=bootstrap-0 host=localhost:9092 <connecting> [IPv6 ('::1', 9092, 0, 0)]>: connecting to localhost:9092 [('::1', 9092, 0, 0) IPv6]
2025-08-09 00:36:20,776 - watchfiles.main - INFO - 1 change detected
2025-08-09 00:36:21,132 - watchfiles.main - INFO - 1 change detected
2025-08-09 00:36:21,494 - watchfiles.main - INFO - 1 change detected
2025-08-09 00:36:21,852 - watchfiles.main - INFO - 1 change detected
2025-08-09 00:36:22,211 - watchfiles.main - INFO - 1 change detected
2025-08-09 00:36:22,568 - watchfiles.main - INFO - 1 change detected
2025-08-09 00:36:22,654 - main - ERROR - Kafka connection error (attempt 2): NoBrokersAvailable
2025-08-09 00:36:22,929 - watchfiles.main - INFO - 1 change detected
2025-08-09 00:36:23,284 - watchfiles.main - INFO - 1 change detected
2025-08-09 00:36:23,643 - watchfiles.main - INFO - 1 change detected
2025-08-09 00:36:24,003 - watchfiles.main - INFO - 1 change detected
2025-08-09 00:36:24,359 - watchfiles.main - INFO - 1 change detected
2025-08-09 00:36:24,716 - watchfiles.main - INFO - 1 change detected
2025-08-09 00:36:25,075 - watchfiles.main - INFO - 1 change detected
2025-08-09 00:36:25,432 - watchfiles.main - INFO - 1 change detected
2025-08-09 00:36:25,790 - watchfiles.main - INFO - 1 change detected
2025-08-09 00:36:26,160 - watchfiles.main - INFO - 1 change detected
2025-08-09 00:36:26,524 - watchfiles.main - INFO - 1 change detected
2025-08-09 00:36:26,657 - kafka.conn - INFO - <BrokerConnection client_id=kafka-python-2.2.15, node_id=bootstrap-0 host=localhost:9092 <connecting> [IPv6 ('::1', 9092, 0, 0)]>: connecting to localhost:9092 [('::1', 9092, 0, 0) IPv6]
2025-08-09 00:36:26,880 - watchfiles.main - INFO - 1 change detected
2025-08-09 00:36:27,240 - watchfiles.main - INFO - 1 change detected
2025-08-09 00:36:27,599 - watchfiles.main - INFO - 1 change detected
2025-08-09 00:36:27,964 - watchfiles.main - INFO - 1 change detected
2025-08-09 00:36:28,319 - watchfiles.main - INFO - 1 change detected
2025-08-09 00:36:28,670 - main - ERROR - Kafka connection error (attempt 3): NoBrokersAvailable
2025-08-09 00:36:28,676 - watchfiles.main - INFO - 1 change detected
2025-08-09 00:36:29,037 - watchfiles.main - INFO - 1 change detected
2025-08-09 00:36:29,397 - watchfiles.main - INFO - 1 change detected
2025-08-09 00:36:29,755 - watchfiles.main - INFO - 1 change detected
2025-08-09 00:36:30,114 - watchfiles.main - INFO - 1 change detected
2025-08-09 00:36:30,475 - watchfiles.main - INFO - 1 change detected
2025-08-09 00:36:30,834 - watchfiles.main - INFO - 1 change detected
2025-08-09 00:36:31,192 - watchfiles.main - INFO - 1 change detected
2025-08-09 00:36:31,549 - watchfiles.main - INFO - 1 change detected
2025-08-09 00:36:31,905 - watchfiles.main - INFO - 1 change detected
2025-08-09 00:36:32,266 - watchfiles.main - INFO - 1 change detected
2025-08-09 00:36:32,625 - watchfiles.main - INFO - 1 change detected
2025-08-09 00:36:32,984 - watchfiles.main - INFO - 1 change detected
2025-08-09 00:36:33,345 - watchfiles.main - INFO - 1 change detected
2025-08-09 00:36:33,699 - watchfiles.main - INFO - 1 change detected
2025-08-09 00:36:34,054 - watchfiles.main - INFO - 1 change detected
2025-08-09 00:36:34,411 - watchfiles.main - INFO - 1 change detected
2025-08-09 00:36:34,769 - watchfiles.main - INFO - 1 change detected
2025-08-09 00:36:35,127 - watchfiles.main - INFO - 1 change detected
2025-08-09 00:36:35,485 - watchfiles.main - INFO - 1 change detected
2025-08-09 00:36:35,843 - watchfiles.main - INFO - 1 change detected
2025-08-09 00:36:36,199 - watchfiles.main - INFO - 1 change detected
2025-08-09 00:36:36,560 - watchfiles.main - INFO - 1 change detected
2025-08-09 00:36:36,672 - kafka.conn - INFO - <BrokerConnection client_id=kafka-python-2.2.15, node_id=bootstrap-0 host=localhost:9092 <connecting> [IPv6 ('::1', 9092, 0, 0)]>: connecting to localhost:9092 [('::1', 9092, 0, 0) IPv6]
2025-08-09 00:36:36,918 - watchfiles.main - INFO - 1 change detected
2025-08-09 00:36:37,273 - watchfiles.main - INFO - 1 change detected
2025-08-09 00:36:37,631 - watchfiles.main - INFO - 1 change detected
2025-08-09 00:36:37,987 - watchfiles.main - INFO - 1 change detected
2025-08-09 00:36:38,347 - watchfiles.main - INFO - 1 change detected
2025-08-09 00:36:38,683 - main - ERROR - Kafka connection error (attempt 4): NoBrokersAvailable
2025-08-09 00:36:38,706 - watchfiles.main - INFO - 1 change detected
2025-08-09 00:36:39,064 - watchfiles.main - INFO - 1 change detected
2025-08-09 00:36:39,423 - watchfiles.main - INFO - 1 change detected
2025-08-09 00:36:39,784 - watchfiles.main - INFO - 1 change detected
2025-08-09 00:36:40,144 - watchfiles.main - INFO - 1 change detected
2025-08-09 00:36:40,503 - watchfiles.main - INFO - 1 change detected
2025-08-09 00:36:40,860 - watchfiles.main - INFO - 1 change detected
2025-08-09 00:36:41,217 - watchfiles.main - INFO - 1 change detected
2025-08-09 00:36:41,575 - watchfiles.main - INFO - 1 change detected
2025-08-09 00:36:41,932 - watchfiles.main - INFO - 1 change detected
2025-08-09 00:36:42,289 - watchfiles.main - INFO - 1 change detected
2025-08-09 00:36:42,643 - watchfiles.main - INFO - 1 change detected
2025-08-09 00:36:43,002 - watchfiles.main - INFO - 1 change detected
2025-08-09 00:36:43,354 - watchfiles.main - INFO - 1 change detected
2025-08-09 00:36:43,711 - watchfiles.main - INFO - 1 change detected
2025-08-09 00:36:44,070 - watchfiles.main - INFO - 1 change detected
2025-08-09 00:36:44,429 - watchfiles.main - INFO - 1 change detected
2025-08-09 00:36:44,787 - watchfiles.main - INFO - 1 change detected
2025-08-09 00:36:45,143 - watchfiles.main - INFO - 1 change detected
2025-08-09 00:36:45,501 - watchfiles.main - INFO - 1 change detected
2025-08-09 00:36:45,860 - watchfiles.main - INFO - 1 change detected
2025-08-09 00:36:46,218 - watchfiles.main - INFO - 1 change detected
2025-08-09 00:36:46,575 - watchfiles.main - INFO - 1 change detected
2025-08-09 00:36:46,933 - watchfiles.main - INFO - 1 change detected
2025-08-09 00:36:47,292 - watchfiles.main - INFO - 1 change detected
2025-08-09 00:36:47,645 - watchfiles.main - INFO - 1 change detected
2025-08-09 00:36:48,003 - watchfiles.main - INFO - 1 change detected
2025-08-09 00:36:48,358 - watchfiles.main - INFO - 1 change detected
2025-08-09 00:36:48,716 - watchfiles.main - INFO - 1 change detected
2025-08-09 00:36:49,072 - watchfiles.main - INFO - 1 change detected
2025-08-09 00:36:49,431 - watchfiles.main - INFO - 1 change detected
2025-08-09 00:36:49,785 - watchfiles.main - INFO - 1 change detected
2025-08-09 00:36:50,144 - watchfiles.main - INFO - 1 change detected
2025-08-09 00:36:50,504 - watchfiles.main - INFO - 1 change detected
2025-08-09 00:36:50,862 - watchfiles.main - INFO - 1 change detected
2025-08-09 00:36:51,221 - watchfiles.main - INFO - 1 change detected
2025-08-09 00:36:51,576 - watchfiles.main - INFO - 1 change detected
2025-08-09 00:36:51,937 - watchfiles.main - INFO - 1 change detected
2025-08-09 00:36:52,294 - watchfiles.main - INFO - 1 change detected
2025-08-09 00:36:52,653 - watchfiles.main - INFO - 1 change detected
2025-08-09 00:36:52,706 - main - INFO - Received signal 2, shutting down...
2025-08-09 00:36:59,337 - main - INFO - FastAPI backend started successfully
2025-08-09 00:36:59,344 - kafka.conn - INFO - <BrokerConnection client_id=kafka-python-2.2.15, node_id=bootstrap-0 host=localhost:9092 <connecting> [IPv6 ('::1', 9092, 0, 0)]>: connecting to localhost:9092 [('::1', 9092, 0, 0) IPv6]
2025-08-09 00:37:01,350 - main - ERROR - Kafka connection error (attempt 1): NoBrokersAvailable
2025-08-09 00:37:03,353 - kafka.conn - INFO - <BrokerConnection client_id=kafka-python-2.2.15, node_id=bootstrap-0 host=localhost:9092 <connecting> [IPv6 ('::1', 9092, 0, 0)]>: connecting to localhost:9092 [('::1', 9092, 0, 0) IPv6]
2025-08-09 00:37:05,367 - main - ERROR - Kafka connection error (attempt 2): NoBrokersAvailable
2025-08-09 00:37:08,665 - ml_model.fraud_predictor - INFO - Fraud detection model loaded successfully
2025-08-09 00:37:09,042 - watchfiles.main - INFO - 1 change detected
2025-08-09 00:37:09,370 - kafka.conn - INFO - <BrokerConnection client_id=kafka-python-2.2.15, node_id=bootstrap-0 host=localhost:9092 <connecting> [IPv6 ('::1', 9092, 0, 0)]>: connecting to localhost:9092 [('::1', 9092, 0, 0) IPv6]
2025-08-09 00:37:09,402 - watchfiles.main - INFO - 1 change detected
2025-08-09 00:37:09,762 - watchfiles.main - INFO - 1 change detected
2025-08-09 00:37:10,118 - watchfiles.main - INFO - 1 change detected
2025-08-09 00:37:10,477 - watchfiles.main - INFO - 1 change detected
2025-08-09 00:37:10,836 - watchfiles.main - INFO - 1 change detected
2025-08-09 00:37:11,195 - watchfiles.main - INFO - 1 change detected
2025-08-09 00:37:11,374 - main - ERROR - Kafka connection error (attempt 3): NoBrokersAvailable
2025-08-09 00:37:11,554 - watchfiles.main - INFO - 1 change detected
2025-08-09 00:37:11,911 - watchfiles.main - INFO - 1 change detected
2025-08-09 00:37:12,270 - watchfiles.main - INFO - 1 change detected
2025-08-09 00:37:12,630 - watchfiles.main - INFO - 1 change detected
2025-08-09 00:37:12,989 - watchfiles.main - INFO - 1 change detected
2025-08-09 00:37:13,345 - watchfiles.main - INFO - 1 change detected
2025-08-09 00:37:13,703 - watchfiles.main - INFO - 1 change detected
2025-08-09 00:37:14,059 - watchfiles.main - INFO - 1 change detected
2025-08-09 00:37:14,419 - watchfiles.main - INFO - 1 change detected
2025-08-09 00:37:14,778 - watchfiles.main - INFO - 1 change detected
2025-08-09 00:37:15,134 - watchfiles.main - INFO - 1 change detected
2025-08-09 00:37:15,493 - watchfiles.main - INFO - 1 change detected
2025-08-09 00:37:15,853 - watchfiles.main - INFO - 1 change detected
2025-08-09 00:37:16,213 - watchfiles.main - INFO - 1 change detected
2025-08-09 00:37:16,572 - watchfiles.main - INFO - 1 change detected
2025-08-09 00:37:16,929 - watchfiles.main - INFO - 1 change detected
2025-08-09 00:37:17,289 - watchfiles.main - INFO - 1 change detected
2025-08-09 00:37:17,644 - watchfiles.main - INFO - 1 change detected
2025-08-09 00:37:18,003 - watchfiles.main - INFO - 1 change detected
2025-08-09 00:37:18,364 - watchfiles.main - INFO - 1 change detected
2025-08-09 00:37:18,723 - watchfiles.main - INFO - 1 change detected
2025-08-09 00:37:19,081 - watchfiles.main - INFO - 1 change detected
2025-08-09 00:37:19,378 - kafka.conn - INFO - <BrokerConnection client_id=kafka-python-2.2.15, node_id=bootstrap-0 host=localhost:9092 <connecting> [IPv6 ('::1', 9092, 0, 0)]>: connecting to localhost:9092 [('::1', 9092, 0, 0) IPv6]
2025-08-09 00:37:19,442 - watchfiles.main - INFO - 1 change detected
2025-08-09 00:37:19,798 - watchfiles.main - INFO - 1 change detected
2025-08-09 00:37:20,154 - watchfiles.main - INFO - 1 change detected
2025-08-09 00:37:20,513 - watchfiles.main - INFO - 1 change detected
2025-08-09 00:37:20,868 - watchfiles.main - INFO - 1 change detected
2025-08-09 00:37:21,229 - watchfiles.main - INFO - 1 change detected
2025-08-09 00:37:21,378 - main - ERROR - Kafka connection error (attempt 4): NoBrokersAvailable
2025-08-09 00:37:21,587 - watchfiles.main - INFO - 1 change detected
2025-08-09 00:37:21,946 - watchfiles.main - INFO - 1 change detected
2025-08-09 00:37:22,299 - watchfiles.main - INFO - 1 change detected
2025-08-09 00:37:22,655 - watchfiles.main - INFO - 1 change detected
2025-08-09 00:37:23,013 - watchfiles.main - INFO - 1 change detected
2025-08-09 00:37:23,374 - watchfiles.main - INFO - 1 change detected
2025-08-09 00:37:23,732 - watchfiles.main - INFO - 1 change detected
2025-08-09 00:37:24,090 - watchfiles.main - INFO - 1 change detected
2025-08-09 00:37:24,450 - watchfiles.main - INFO - 1 change detected
2025-08-09 00:37:24,807 - watchfiles.main - INFO - 1 change detected
2025-08-09 00:37:25,166 - watchfiles.main - INFO - 1 change detected
2025-08-09 00:37:25,528 - watchfiles.main - INFO - 1 change detected
2025-08-09 00:37:25,882 - watchfiles.main - INFO - 1 change detected
2025-08-09 00:37:26,242 - watchfiles.main - INFO - 1 change detected
2025-08-09 00:37:26,599 - watchfiles.main - INFO - 1 change detected
2025-08-09 00:37:26,957 - watchfiles.main - INFO - 1 change detected
2025-08-09 00:37:27,315 - watchfiles.main - INFO - 1 change detected
2025-08-09 00:37:27,672 - watchfiles.main - INFO - 1 change detected
2025-08-09 00:37:28,027 - watchfiles.main - INFO - 1 change detected
2025-08-09 00:37:28,383 - watchfiles.main - INFO - 1 change detected
2025-08-09 00:37:28,742 - watchfiles.main - INFO - 1 change detected
2025-08-09 00:37:29,101 - watchfiles.main - INFO - 1 change detected
2025-08-09 00:37:29,457 - watchfiles.main - INFO - 1 change detected
2025-08-09 00:37:29,814 - watchfiles.main - INFO - 1 change detected
2025-08-09 00:37:30,174 - watchfiles.main - INFO - 1 change detected
2025-08-09 00:37:30,529 - watchfiles.main - INFO - 1 change detected
2025-08-09 00:37:30,887 - watchfiles.main - INFO - 1 change detected
2025-08-09 00:37:31,243 - watchfiles.main - INFO - 1 change detected
2025-08-09 00:37:31,602 - watchfiles.main - INFO - 1 change detected
2025-08-09 00:37:31,963 - watchfiles.main - INFO - 1 change detected
2025-08-09 00:37:32,320 - watchfiles.main - INFO - 1 change detected
2025-08-09 00:37:32,678 - watchfiles.main - INFO - 1 change detected
2025-08-09 00:37:33,035 - watchfiles.main - INFO - 1 change detected
2025-08-09 00:37:33,392 - watchfiles.main - INFO - 1 change detected
2025-08-09 00:37:33,750 - watchfiles.main - INFO - 1 change detected
2025-08-09 00:37:34,109 - watchfiles.main - INFO - 1 change detected
2025-08-09 00:37:34,469 - watchfiles.main - INFO - 1 change detected
2025-08-09 00:37:34,826 - watchfiles.main - INFO - 1 change detected
2025-08-09 00:37:35,184 - watchfiles.main - INFO - 1 change detected
2025-08-09 00:37:35,543 - watchfiles.main - INFO - 1 change detected
2025-08-09 00:37:35,903 - watchfiles.main - INFO - 1 change detected
2025-08-09 00:37:36,261 - watchfiles.main - INFO - 1 change detected
2025-08-09 00:37:36,619 - watchfiles.main - INFO - 1 change detected
2025-08-09 00:37:36,977 - watchfiles.main - INFO - 1 change detected
2025-08-09 00:37:37,330 - watchfiles.main - INFO - 1 change detected
2025-08-09 00:37:37,380 - kafka.conn - INFO - <BrokerConnection client_id=kafka-python-2.2.15, node_id=bootstrap-0 host=localhost:9092 <connecting> [IPv6 ('::1', 9092, 0, 0)]>: connecting to localhost:9092 [('::1', 9092, 0, 0) IPv6]
2025-08-09 00:37:37,691 - watchfiles.main - INFO - 1 change detected
2025-08-09 00:37:38,049 - watchfiles.main - INFO - 1 change detected
2025-08-09 00:37:38,408 - watchfiles.main - INFO - 1 change detected
2025-08-09 00:37:38,765 - watchfiles.main - INFO - 1 change detected
2025-08-09 00:37:39,123 - watchfiles.main - INFO - 1 change detected
2025-08-09 00:37:39,380 - main - ERROR - Kafka connection error (attempt 5): NoBrokersAvailable
2025-08-09 00:37:39,380 - main - ERROR - Max Kafka reconnection attempts reached
2025-08-09 00:37:39,381 - main - INFO - Kafka consumer worker stopped
2025-08-09 00:37:39,481 - watchfiles.main - INFO - 1 change detected
2025-08-09 00:37:39,838 - watchfiles.main - INFO - 1 change detected
2025-08-09 00:37:40,197 - watchfiles.main - INFO - 1 change detected
2025-08-09 00:37:40,553 - watchfiles.main - INFO - 1 change detected
2025-08-09 00:37:40,914 - watchfiles.main - INFO - 1 change detected
2025-08-09 00:37:41,272 - watchfiles.main - INFO - 1 change detected
2025-08-09 00:37:41,628 - watchfiles.main - INFO - 1 change detected
2025-08-09 00:37:41,987 - watchfiles.main - INFO - 1 change detected
2025-08-09 00:37:42,347 - watchfiles.main - INFO - 1 change detected
2025-08-09 00:37:42,708 - watchfiles.main - INFO - 1 change detected
2025-08-09 00:37:43,066 - watchfiles.main - INFO - 1 change detected
2025-08-09 00:37:43,423 - watchfiles.main - INFO - 1 change detected
2025-08-09 00:37:43,783 - watchfiles.main - INFO - 1 change detected
2025-08-09 00:37:44,142 - watchfiles.main - INFO - 1 change detected
2025-08-09 00:37:44,500 - watchfiles.main - INFO - 1 change detected
2025-08-09 00:37:44,856 - watchfiles.main - INFO - 1 change detected
2025-08-09 00:37:45,212 - watchfiles.main - INFO - 1 change detected
2025-08-09 00:37:45,568 - watchfiles.main - INFO - 1 change detected
2025-08-09 00:37:45,927 - watchfiles.main - INFO - 1 change detected
2025-08-09 00:37:46,285 - watchfiles.main - INFO - 1 change detected
2025-08-09 00:37:46,641 - watchfiles.main - INFO - 1 change detected
2025-08-09 00:37:46,998 - watchfiles.main - INFO - 1 change detected
2025-08-09 00:37:47,358 - watchfiles.main - INFO - 1 change detected
2025-08-09 00:37:47,714 - watchfiles.main - INFO - 1 change detected
2025-08-09 00:37:48,071 - watchfiles.main - INFO - 1 change detected
2025-08-09 00:37:48,427 - watchfiles.main - INFO - 1 change detected
2025-08-09 00:37:48,785 - watchfiles.main - INFO - 1 change detected
2025-08-09 00:37:49,144 - watchfiles.main - INFO - 1 change detected
2025-08-09 00:37:49,504 - watchfiles.main - INFO - 1 change detected
2025-08-09 00:37:49,865 - watchfiles.main - INFO - 1 change detected
2025-08-09 00:37:50,223 - watchfiles.main - INFO - 1 change detected
2025-08-09 00:37:50,582 - watchfiles.main - INFO - 1 change detected
2025-08-09 00:37:50,942 - watchfiles.main - INFO - 1 change detected
2025-08-09 00:37:51,299 - watchfiles.main - INFO - 1 change detected
2025-08-09 00:37:51,658 - watchfiles.main - INFO - 1 change detected
2025-08-09 00:37:52,041 - watchfiles.main - INFO - 1 change detected
2025-08-09 00:37:52,405 - watchfiles.main - INFO - 1 change detected
2025-08-09 00:37:52,765 - watchfiles.main - INFO - 1 change detected
2025-08-09 00:37:53,124 - watchfiles.main - INFO - 1 change detected
2025-08-09 00:37:53,480 - watchfiles.main - INFO - 1 change detected
2025-08-09 00:37:53,834 - watchfiles.main - INFO - 1 change detected
2025-08-09 00:37:54,191 - watchfiles.main - INFO - 1 change detected
2025-08-09 00:37:54,545 - watchfiles.main - INFO - 1 change detected
2025-08-09 00:37:54,902 - watchfiles.main - INFO - 1 change detected
2025-08-09 00:37:55,414 - watchfiles.main - INFO - 1 change detected
2025-08-09 00:37:55,876 - watchfiles.main - INFO - 1 change detected
2025-08-09 00:37:56,418 - watchfiles.main - INFO - 1 change detected
2025-08-09 00:37:56,786 - watchfiles.main - INFO - 1 change detected
2025-08-09 00:37:57,141 - watchfiles.main - INFO - 1 change detected
2025-08-09 00:37:57,510 - watchfiles.main - INFO - 1 change detected
2025-08-09 00:37:57,868 - watchfiles.main - INFO - 1 change detected
2025-08-09 00:37:58,224 - watchfiles.main - INFO - 1 change detected
2025-08-09 00:37:58,582 - watchfiles.main - INFO - 1 change detected
2025-08-09 00:37:58,933 - watchfiles.main - INFO - 1 change detected
2025-08-09 00:37:59,328 - watchfiles.main - INFO - 1 change detected
2025-08-09 00:37:59,773 - watchfiles.main - INFO - 1 change detected
2025-08-09 00:38:00,146 - watchfiles.main - INFO - 1 change detected
2025-08-09 00:38:00,498 - watchfiles.main - INFO - 1 change detected
2025-08-09 00:38:00,876 - watchfiles.main - INFO - 1 change detected
2025-08-09 00:38:01,234 - watchfiles.main - INFO - 1 change detected
2025-08-09 00:38:01,589 - watchfiles.main - INFO - 1 change detected
2025-08-09 00:38:01,957 - watchfiles.main - INFO - 1 change detected
2025-08-09 00:38:02,324 - watchfiles.main - INFO - 1 change detected
2025-08-09 00:38:02,675 - watchfiles.main - INFO - 1 change detected
2025-08-09 00:38:03,035 - watchfiles.main - INFO - 1 change detected
2025-08-09 00:38:03,446 - watchfiles.main - INFO - 1 change detected
2025-08-09 00:38:03,800 - watchfiles.main - INFO - 1 change detected
2025-08-09 00:38:04,157 - watchfiles.main - INFO - 1 change detected
2025-08-09 00:38:04,511 - watchfiles.main - INFO - 1 change detected
2025-08-09 00:38:04,866 - watchfiles.main - INFO - 1 change detected
2025-08-09 00:38:05,230 - watchfiles.main - INFO - 1 change detected
2025-08-09 00:38:05,597 - watchfiles.main - INFO - 1 change detected
2025-08-09 00:38:05,953 - watchfiles.main - INFO - 1 change detected
2025-08-09 00:38:06,309 - watchfiles.main - INFO - 1 change detected
2025-08-09 00:38:06,665 - watchfiles.main - INFO - 1 change detected
2025-08-09 00:38:07,022 - watchfiles.main - INFO - 1 change detected
2025-08-09 00:38:07,378 - watchfiles.main - INFO - 1 change detected
2025-08-09 00:38:07,734 - watchfiles.main - INFO - 1 change detected
2025-08-09 00:38:08,089 - watchfiles.main - INFO - 1 change detected
2025-08-09 00:38:08,446 - watchfiles.main - INFO - 1 change detected
2025-08-09 00:38:08,804 - watchfiles.main - INFO - 1 change detected
2025-08-09 00:38:09,164 - watchfiles.main - INFO - 1 change detected
2025-08-09 00:38:09,520 - watchfiles.main - INFO - 1 change detected
2025-08-09 00:38:09,884 - watchfiles.main - INFO - 1 change detected
2025-08-09 00:38:10,241 - watchfiles.main - INFO - 1 change detected
2025-08-09 00:38:10,597 - watchfiles.main - INFO - 1 change detected
2025-08-09 00:38:10,955 - watchfiles.main - INFO - 1 change detected
2025-08-09 00:38:11,312 - watchfiles.main - INFO - 1 change detected
2025-08-09 00:38:11,669 - watchfiles.main - INFO - 1 change detected
2025-08-09 00:38:12,026 - watchfiles.main - INFO - 1 change detected
2025-08-09 00:38:12,385 - watchfiles.main - INFO - 1 change detected
2025-08-09 00:38:12,741 - watchfiles.main - INFO - 1 change detected
2025-08-09 00:38:13,097 - watchfiles.main - INFO - 1 change detected
2025-08-09 00:38:13,454 - watchfiles.main - INFO - 1 change detected
2025-08-09 00:38:13,811 - watchfiles.main - INFO - 1 change detected
2025-08-09 00:38:14,166 - watchfiles.main - INFO - 1 change detected
2025-08-09 00:38:14,522 - watchfiles.main - INFO - 1 change detected
2025-08-09 00:38:14,880 - watchfiles.main - INFO - 1 change detected
2025-08-09 00:38:15,241 - watchfiles.main - INFO - 1 change detected
2025-08-09 00:38:15,596 - watchfiles.main - INFO - 1 change detected
2025-08-09 00:38:15,954 - watchfiles.main - INFO - 1 change detected
2025-08-09 00:38:16,310 - watchfiles.main - INFO - 1 change detected
2025-08-09 00:38:16,670 - watchfiles.main - INFO - 1 change detected
2025-08-09 00:38:17,028 - watchfiles.main - INFO - 1 change detected
2025-08-09 00:38:17,386 - watchfiles.main - INFO - 1 change detected
2025-08-09 00:38:17,745 - watchfiles.main - INFO - 1 change detected
2025-08-09 00:38:18,106 - watchfiles.main - INFO - 1 change detected
2025-08-09 00:38:18,464 - watchfiles.main - INFO - 1 change detected
2025-08-09 00:38:18,821 - watchfiles.main - INFO - 1 change detected
2025-08-09 00:38:19,181 - watchfiles.main - INFO - 1 change detected
2025-08-09 00:38:19,539 - watchfiles.main - INFO - 1 change detected
2025-08-09 00:38:19,895 - watchfiles.main - INFO - 1 change detected
2025-08-09 00:38:20,256 - watchfiles.main - INFO - 1 change detected
2025-08-09 00:38:20,613 - watchfiles.main - INFO - 1 change detected
2025-08-09 00:38:20,974 - watchfiles.main - INFO - 1 change detected
2025-08-09 00:38:21,332 - watchfiles.main - INFO - 1 change detected
2025-08-09 00:38:21,690 - watchfiles.main - INFO - 1 change detected
2025-08-09 00:38:22,045 - watchfiles.main - INFO - 1 change detected
2025-08-09 00:38:22,402 - watchfiles.main - INFO - 1 change detected
2025-08-09 00:38:22,759 - watchfiles.main - INFO - 1 change detected
2025-08-09 00:38:23,117 - watchfiles.main - INFO - 1 change detected
2025-08-09 00:38:23,474 - watchfiles.main - INFO - 1 change detected
2025-08-09 00:38:23,832 - watchfiles.main - INFO - 1 change detected
2025-08-09 00:38:24,190 - watchfiles.main - INFO - 1 change detected
2025-08-09 00:38:24,548 - watchfiles.main - INFO - 1 change detected
2025-08-09 00:38:24,903 - watchfiles.main - INFO - 1 change detected
2025-08-09 00:38:25,267 - watchfiles.main - INFO - 1 change detected
2025-08-09 00:38:25,634 - watchfiles.main - INFO - 1 change detected
2025-08-09 00:38:25,998 - watchfiles.main - INFO - 1 change detected
2025-08-09 00:38:26,362 - watchfiles.main - INFO - 1 change detected
2025-08-09 00:38:26,718 - watchfiles.main - INFO - 1 change detected
2025-08-09 00:38:27,077 - watchfiles.main - INFO - 1 change detected
2025-08-09 00:38:27,436 - watchfiles.main - INFO - 1 change detected
2025-08-09 00:38:27,794 - watchfiles.main - INFO - 1 change detected
2025-08-09 00:38:28,153 - watchfiles.main - INFO - 1 change detected
2025-08-09 00:38:28,509 - watchfiles.main - INFO - 1 change detected
2025-08-09 00:38:28,865 - watchfiles.main - INFO - 1 change detected
2025-08-09 00:38:29,220 - watchfiles.main - INFO - 1 change detected
2025-08-09 00:38:29,576 - watchfiles.main - INFO - 1 change detected
2025-08-09 00:38:29,931 - watchfiles.main - INFO - 1 change detected
2025-08-09 00:38:30,290 - watchfiles.main - INFO - 1 change detected
2025-08-09 00:38:30,650 - watchfiles.main - INFO - 1 change detected
2025-08-09 00:38:31,009 - watchfiles.main - INFO - 1 change detected
2025-08-09 00:38:31,366 - watchfiles.main - INFO - 1 change detected
2025-08-09 00:38:31,723 - watchfiles.main - INFO - 1 change detected
2025-08-09 00:38:32,083 - watchfiles.main - INFO - 1 change detected
2025-08-09 00:38:32,439 - watchfiles.main - INFO - 1 change detected
2025-08-09 00:38:32,797 - watchfiles.main - INFO - 1 change detected
2025-08-09 00:38:33,157 - watchfiles.main - INFO - 1 change detected
2025-08-09 00:38:33,514 - watchfiles.main - INFO - 1 change detected
2025-08-09 00:38:33,871 - watchfiles.main - INFO - 1 change detected
2025-08-09 00:38:34,230 - watchfiles.main - INFO - 1 change detected
2025-08-09 00:38:34,587 - watchfiles.main - INFO - 1 change detected
2025-08-09 00:38:34,946 - watchfiles.main - INFO - 1 change detected
2025-08-09 00:38:35,340 - watchfiles.main - INFO - 1 change detected
2025-08-09 00:38:35,692 - watchfiles.main - INFO - 1 change detected
2025-08-09 00:38:36,046 - watchfiles.main - INFO - 1 change detected
2025-08-09 00:38:36,402 - watchfiles.main - INFO - 1 change detected
2025-08-09 00:38:36,760 - watchfiles.main - INFO - 1 change detected
2025-08-09 00:38:37,116 - watchfiles.main - INFO - 1 change detected
2025-08-09 00:38:37,473 - watchfiles.main - INFO - 1 change detected
2025-08-09 00:38:37,830 - watchfiles.main - INFO - 1 change detected
2025-08-09 00:38:38,186 - watchfiles.main - INFO - 1 change detected
2025-08-09 00:38:38,543 - watchfiles.main - INFO - 1 change detected
2025-08-09 00:38:38,900 - watchfiles.main - INFO - 1 change detected
2025-08-09 00:38:39,257 - watchfiles.main - INFO - 1 change detected
2025-08-09 00:38:39,633 - watchfiles.main - INFO - 1 change detected
2025-08-09 00:38:39,999 - watchfiles.main - INFO - 1 change detected
2025-08-09 00:38:40,359 - watchfiles.main - INFO - 1 change detected
2025-08-09 00:38:40,715 - watchfiles.main - INFO - 1 change detected
2025-08-09 00:38:41,073 - watchfiles.main - INFO - 1 change detected
2025-08-09 00:38:41,436 - watchfiles.main - INFO - 1 change detected
2025-08-09 00:38:41,788 - watchfiles.main - INFO - 1 change detected
2025-08-09 00:38:42,145 - watchfiles.main - INFO - 1 change detected
2025-08-09 00:38:42,504 - watchfiles.main - INFO - 1 change detected
2025-08-09 00:38:42,862 - watchfiles.main - INFO - 1 change detected
2025-08-09 00:38:43,220 - watchfiles.main - INFO - 1 change detected
2025-08-09 00:38:43,577 - watchfiles.main - INFO - 1 change detected
2025-08-09 00:38:43,936 - watchfiles.main - INFO - 1 change detected
2025-08-09 00:38:44,295 - watchfiles.main - INFO - 1 change detected
2025-08-09 00:38:44,651 - watchfiles.main - INFO - 1 change detected
2025-08-09 00:38:45,008 - watchfiles.main - INFO - 1 change detected
2025-08-09 00:38:45,365 - watchfiles.main - INFO - 1 change detected
2025-08-09 00:38:45,722 - watchfiles.main - INFO - 1 change detected
2025-08-09 00:38:46,080 - watchfiles.main - INFO - 1 change detected
2025-08-09 00:38:46,434 - watchfiles.main - INFO - 1 change detected
2025-08-09 00:38:46,791 - watchfiles.main - INFO - 1 change detected
2025-08-09 00:38:47,150 - watchfiles.main - INFO - 1 change detected
2025-08-09 00:38:47,507 - watchfiles.main - INFO - 1 change detected
2025-08-09 00:38:47,864 - watchfiles.main - INFO - 1 change detected
2025-08-09 00:38:48,223 - watchfiles.main - INFO - 1 change detected
2025-08-09 00:38:48,595 - watchfiles.main - INFO - 1 change detected
2025-08-09 00:38:48,955 - watchfiles.main - INFO - 1 change detected
2025-08-09 00:38:49,310 - watchfiles.main - INFO - 1 change detected
2025-08-09 00:38:49,667 - watchfiles.main - INFO - 1 change detected
2025-08-09 00:38:50,023 - watchfiles.main - INFO - 1 change detected
2025-08-09 00:38:50,383 - watchfiles.main - INFO - 1 change detected
2025-08-09 00:38:50,739 - watchfiles.main - INFO - 1 change detected
2025-08-09 00:38:51,100 - watchfiles.main - INFO - 1 change detected
2025-08-09 00:38:51,456 - watchfiles.main - INFO - 1 change detected
2025-08-09 00:38:51,814 - watchfiles.main - INFO - 1 change detected
2025-08-09 00:38:52,174 - watchfiles.main - INFO - 1 change detected
2025-08-09 00:38:52,531 - watchfiles.main - INFO - 1 change detected
2025-08-09 00:38:52,889 - watchfiles.main - INFO - 1 change detected
2025-08-09 00:38:53,248 - watchfiles.main - INFO - 1 change detected
2025-08-09 00:38:53,604 - watchfiles.main - INFO - 1 change detected
2025-08-09 00:38:53,959 - watchfiles.main - INFO - 1 change detected
2025-08-09 00:38:54,318 - watchfiles.main - INFO - 1 change detected
2025-08-09 00:38:54,651 - main - INFO - Received signal 2, shutting down...
2025-08-09 01:09:30,741 - main - INFO - FastAPI backend started successfully
2025-08-09 01:09:30,748 - kafka.conn - INFO - <BrokerConnection client_id=kafka-python-2.2.15, node_id=bootstrap-0 host=localhost:9092 <connecting> [IPv6 ('::1', 9092, 0, 0)]>: connecting to localhost:9092 [('::1', 9092, 0, 0) IPv6]
2025-08-09 01:09:32,742 - main - ERROR - Kafka connection error (attempt 1): NoBrokersAvailable
2025-08-09 01:09:34,746 - kafka.conn - INFO - <BrokerConnection client_id=kafka-python-2.2.15, node_id=bootstrap-0 host=localhost:9092 <connecting> [IPv6 ('::1', 9092, 0, 0)]>: connecting to localhost:9092 [('::1', 9092, 0, 0) IPv6]
2025-08-09 01:09:36,745 - main - ERROR - Kafka connection error (attempt 2): NoBrokersAvailable
2025-08-09 01:09:40,749 - kafka.conn - INFO - <BrokerConnection client_id=kafka-python-2.2.15, node_id=bootstrap-0 host=localhost:9092 <connecting> [IPv6 ('::1', 9092, 0, 0)]>: connecting to localhost:9092 [('::1', 9092, 0, 0) IPv6]
2025-08-09 01:09:42,755 - main - ERROR - Kafka connection error (attempt 3): NoBrokersAvailable
2025-08-09 01:09:50,757 - kafka.conn - INFO - <BrokerConnection client_id=kafka-python-2.2.15, node_id=bootstrap-0 host=localhost:9092 <connecting> [IPv6 ('::1', 9092, 0, 0)]>: connecting to localhost:9092 [('::1', 9092, 0, 0) IPv6]
2025-08-09 01:09:52,756 - main - ERROR - Kafka connection error (attempt 4): NoBrokersAvailable
2025-08-09 01:10:08,760 - kafka.conn - INFO - <BrokerConnection client_id=kafka-python-2.2.15, node_id=bootstrap-0 host=localhost:9092 <connecting> [IPv6 ('::1', 9092, 0, 0)]>: connecting to localhost:9092 [('::1', 9092, 0, 0) IPv6]
2025-08-09 01:10:10,771 - main - ERROR - Kafka connection error (attempt 5): NoBrokersAvailable
2025-08-09 01:10:10,772 - main - ERROR - Max Kafka reconnection attempts reached
2025-08-09 01:10:10,772 - main - INFO - Kafka consumer worker stopped
2025-08-09 01:10:11,430 - main - INFO - WebSocket connected. Client: None, Total: 1
2025-08-09 01:11:41,152 - main - INFO - WebSocket disconnected. Total connections: 0
2025-08-09 01:11:41,156 - main - INFO - WebSocket client None disconnected
2025-08-09 01:48:06,654 - main - INFO - Received signal 2, shutting down...
